<?xml version="1.0" encoding="UTF-8"?>
<!-- Generated by org.testng.reporters.JUnitXMLReporter -->
<testsuite ignored="3" hostname="DESKTOP-VF6R5DT" failures="0" tests="4" name="Default test" time="4.86" errors="0" timestamp="2025-04-22T00:26:39 EET">
  <testcase classname="MyTest" name="loginproccess" time="2.592"/>
  <testcase classname="MyTest" name="AddAllItem" time="1.056"/>
  <testcase classname="MyTest" name="PrintFirstLetter" time="0.192"/>
  <testcase classname="MyTest" name="ExceptLetterT" time="0.119"/>
  <testcase classname="MyTest" name="addRandomItem" time="0.0">
    <ignored/>
  </testcase> <!-- addRandomItem -->
  <testcase classname="MyTest" name="DeleteItem" time="0.0">
    <ignored/>
  </testcase> <!-- DeleteItem -->
  <testcase classname="MyTest" name="LogOut" time="0.0">
    <ignored/>
  </testcase> <!-- LogOut -->
</testsuite> <!-- Default test -->
