<?xml version="1.0" encoding="UTF-8"?>
<testng-results ignored="3" total="7" passed="4" failed="0" skipped="0">
  <reporter-output>
  </reporter-output>
  <suite started-at="2025-04-22T00:26:34 EET" name="Default suite" finished-at="2025-04-22T00:26:39 EET" duration-ms="4860">
    <groups>
    </groups>
    <test started-at="2025-04-22T00:26:34 EET" name="Default test" finished-at="2025-04-22T00:26:39 EET" duration-ms="4860">
      <class name="MyTest">
        <test-method is-config="true" signature="mySetup()[pri:0, instance:MyTest@6622fc65]" started-at="2025-04-22T00:26:34 EET" name="mySetup" finished-at="2025-04-22T00:26:35 EET" duration-ms="836" status="PASS">
          <reporter-output>
          </reporter-output>
        </test-method> <!-- mySetup -->
        <test-method signature="loginproccess()[pri:1, instance:MyTest@6622fc65]" started-at="2025-04-22T00:26:35 EET" name="loginproccess" finished-at="2025-04-22T00:26:37 EET" duration-ms="2592" status="PASS">
          <reporter-output>
          </reporter-output>
        </test-method> <!-- loginproccess -->
        <test-method signature="AddAllItem()[pri:2, instance:MyTest@6622fc65]" started-at="2025-04-22T00:26:37 EET" name="AddAllItem" finished-at="2025-04-22T00:26:38 EET" duration-ms="1056" status="PASS">
          <reporter-output>
          </reporter-output>
        </test-method> <!-- AddAllItem -->
        <test-method signature="PrintFirstLetter()[pri:3, instance:MyTest@6622fc65]" started-at="2025-04-22T00:26:38 EET" name="PrintFirstLetter" finished-at="2025-04-22T00:26:39 EET" duration-ms="192" status="PASS">
          <reporter-output>
          </reporter-output>
        </test-method> <!-- PrintFirstLetter -->
        <test-method signature="ExceptLetterT()[pri:4, instance:MyTest@6622fc65]" started-at="2025-04-22T00:26:39 EET" name="ExceptLetterT" finished-at="2025-04-22T00:26:39 EET" duration-ms="119" status="PASS">
          <reporter-output>
          </reporter-output>
        </test-method> <!-- ExceptLetterT -->
        <test-method is-config="true" signature="myAfterTest()[pri:0, instance:MyTest@6622fc65]" started-at="2025-04-22T00:26:39 EET" name="myAfterTest" finished-at="2025-04-22T00:26:39 EET" duration-ms="0" status="PASS">
          <reporter-output>
          </reporter-output>
        </test-method> <!-- myAfterTest -->
      </class> <!-- MyTest -->
    </test> <!-- Default test -->
  </suite> <!-- Default suite -->
</testng-results>
